Error: ER_BAD_NULL_ERROR: Column 'port' cannot be null
    at Query.Sequence._packetToError (C:\Users\ghks2\Bems\prac\backend\node_modules\mysql\lib\protocol\sequences\Sequence.js:47:14)
    at Query.ErrorPacket (C:\Users\ghks2\Bems\prac\backend\node_modules\mysql\lib\protocol\sequences\Query.js:79:18)
    at Protocol._parsePacket (C:\Users\ghks2\Bems\prac\backend\node_modules\mysql\lib\protocol\Protocol.js:291:23)
    at Parser._parsePacket (C:\Users\ghks2\Bems\prac\backend\node_modules\mysql\lib\protocol\Parser.js:433:10)
    at Parser.write (C:\Users\ghks2\Bems\prac\backend\node_modules\mysql\lib\protocol\Parser.js:43:10)
    at Protocol.write (C:\Users\ghks2\Bems\prac\backend\node_modules\mysql\lib\protocol\Protocol.js:38:16)
    at Socket.<anonymous> (C:\Users\ghks2\Bems\prac\backend\node_modules\mysql\lib\Connection.js:88:28)
    at Socket.<anonymous> (C:\Users\ghks2\Bems\prac\backend\node_modules\mysql\lib\Connection.js:526:10)
    at Socket.emit (events.js:315:20)
    at addChunk (internal/streams/readable.js:309:12)
    at readableAddChunk (internal/streams/readable.js:284:9)
    at Socket.Readable.push (internal/streams/readable.js:223:10)
    at TCP.onStreamRead (internal/stream_base_commons.js:188:23)
    --------------------
    at Protocol._enqueue (C:\Users\ghks2\Bems\prac\backend\node_modules\mysql\lib\protocol\Protocol.js:144:48)
    at Connection.query (C:\Users\ghks2\Bems\prac\backend\node_modules\mysql\lib\Connection.js:198:25)
    at C:\Users\ghks2\Bems\prac\backend\utils\modules\database.js:59:28
    at new Promise (<anonymous>)
    at Object.device_insert (C:\Users\ghks2\Bems\prac\backend\utils\modules\database.js:57:20)
    at C:\Users\ghks2\Bems\prac\backend\utils\modules\get_excel.js:83:39
    at processTicksAndRejections (internal/process/task_queues.js:93:5) {
  code: 'ER_BAD_NULL_ERROR',
  errno: 1048,
  sqlMessage: "Column 'port' cannot be null",
  sqlState: '23000',
  index: 0,
  sql: 'INSERT INTO modbus_ip (id,name,com_type,address,port,period,wait_time,active) \n' +
    "                VALUES(2,'r2','rtu','com4',null,200,2000,1)"
}
